2017-02-03 13:34:48.516+0000 WARN  [o.n.i.p.PageCache] The dbms.memory.pagecache.size setting has not been configured. It is recommended that this setting is always explicitly configured, to ensure the system has a balanced configuration. Until then, a computed heuristic value of 6281592832 bytes will be used instead. 
2017-02-03 13:34:48.626+0000 INFO  [o.n.k.i.f.CommunityEditionModule] No locking implementation specified, defaulting to 'community'
2017-02-03 13:34:48.705+0000 INFO  [o.n.k.AvailabilityGuard] Requirement makes database unavailable: Database available
2017-02-03 13:34:48.738+0000 INFO  [o.n.k.i.DiagnosticsManager] --- INITIALIZED diagnostics START ---
2017-02-03 13:34:48.738+0000 INFO  [o.n.k.i.DiagnosticsManager] Neo4j Kernel properties:
2017-02-03 13:34:48.738+0000 INFO  [o.n.k.i.DiagnosticsManager] dbms.connector.http.enabled=true
2017-02-03 13:34:48.738+0000 INFO  [o.n.k.i.DiagnosticsManager] dbms.security.auth_enabled=true
2017-02-03 13:34:48.738+0000 INFO  [o.n.k.i.DiagnosticsManager] dbms.windows_service_name=neo4j
2017-02-03 13:34:48.738+0000 INFO  [o.n.k.i.DiagnosticsManager] unsupported.dbms.directories.neo4j_home=/net/cremi/camaussignac/espaces/travail/panama_papers_2.0/neo4j-community-3.1.1
2017-02-03 13:34:48.738+0000 INFO  [o.n.k.i.DiagnosticsManager] dbms.directories.import=import
2017-02-03 13:34:48.738+0000 INFO  [o.n.k.i.DiagnosticsManager] unsupported.dbms.edition=community
2017-02-03 13:34:48.738+0000 INFO  [o.n.k.i.DiagnosticsManager] dbms.connector.bolt.enabled=true
2017-02-03 13:34:48.738+0000 INFO  [o.n.k.i.DiagnosticsManager] dbms.connector.https.enabled=true
2017-02-03 13:34:48.738+0000 INFO  [o.n.k.i.DiagnosticsManager] dbms.jvm.additional=-Dunsupported.dbms.udc.source=tarball
2017-02-03 13:34:48.738+0000 INFO  [o.n.k.i.DiagnosticsManager] Diagnostics providers:
2017-02-03 13:34:48.738+0000 INFO  [o.n.k.i.DiagnosticsManager] org.neo4j.kernel.configuration.Config
2017-02-03 13:34:48.738+0000 INFO  [o.n.k.i.DiagnosticsManager] org.neo4j.kernel.info.DiagnosticsManager
2017-02-03 13:34:48.738+0000 INFO  [o.n.k.i.DiagnosticsManager] SYSTEM_MEMORY
2017-02-03 13:34:48.739+0000 INFO  [o.n.k.i.DiagnosticsManager] JAVA_MEMORY
2017-02-03 13:34:48.739+0000 INFO  [o.n.k.i.DiagnosticsManager] OPERATING_SYSTEM
2017-02-03 13:34:48.739+0000 INFO  [o.n.k.i.DiagnosticsManager] JAVA_VIRTUAL_MACHINE
2017-02-03 13:34:48.739+0000 INFO  [o.n.k.i.DiagnosticsManager] CLASSPATH
2017-02-03 13:34:48.739+0000 INFO  [o.n.k.i.DiagnosticsManager] LIBRARY_PATH
2017-02-03 13:34:48.739+0000 INFO  [o.n.k.i.DiagnosticsManager] SYSTEM_PROPERTIES
2017-02-03 13:34:48.739+0000 INFO  [o.n.k.i.DiagnosticsManager] LINUX_SCHEDULERS
2017-02-03 13:34:48.739+0000 INFO  [o.n.k.i.DiagnosticsManager] NETWORK
2017-02-03 13:34:48.739+0000 INFO  [o.n.k.i.DiagnosticsManager] System memory information:
2017-02-03 13:34:48.740+0000 INFO  [o.n.k.i.DiagnosticsManager] Total Physical memory: 15,60 GB
2017-02-03 13:34:48.740+0000 INFO  [o.n.k.i.DiagnosticsManager] Free Physical memory: 11,55 GB
2017-02-03 13:34:48.740+0000 INFO  [o.n.k.i.DiagnosticsManager] Committed virtual memory: 7,46 GB
2017-02-03 13:34:48.741+0000 INFO  [o.n.k.i.DiagnosticsManager] Total swap space: 7,94 GB
2017-02-03 13:34:48.741+0000 INFO  [o.n.k.i.DiagnosticsManager] Free swap space: 7,94 GB
2017-02-03 13:34:48.741+0000 INFO  [o.n.k.i.DiagnosticsManager] JVM memory information:
2017-02-03 13:34:48.741+0000 INFO  [o.n.k.i.DiagnosticsManager] Free  memory: 181,10 MB
2017-02-03 13:34:48.741+0000 INFO  [o.n.k.i.DiagnosticsManager] Total memory: 250,00 MB
2017-02-03 13:34:48.741+0000 INFO  [o.n.k.i.DiagnosticsManager] Max   memory: 3,90 GB
2017-02-03 13:34:48.744+0000 INFO  [o.n.k.i.DiagnosticsManager] Garbage Collector: G1 Young Generation: [G1 Eden Space, G1 Survivor Space]
2017-02-03 13:34:48.744+0000 INFO  [o.n.k.i.DiagnosticsManager] Garbage Collector: G1 Old Generation: [G1 Eden Space, G1 Survivor Space, G1 Old Gen]
2017-02-03 13:34:48.744+0000 INFO  [o.n.k.i.DiagnosticsManager] Memory Pool: Code Cache (Non-heap memory): committed=5,00 MB, used=4,93 MB, max=240,00 MB, threshold=0,00 B
2017-02-03 13:34:48.744+0000 INFO  [o.n.k.i.DiagnosticsManager] Memory Pool: Metaspace (Non-heap memory): committed=13,13 MB, used=12,39 MB, max=-1,00 B, threshold=0,00 B
2017-02-03 13:34:48.745+0000 INFO  [o.n.k.i.DiagnosticsManager] Memory Pool: Compressed Class Space (Non-heap memory): committed=1,88 MB, used=1,66 MB, max=1,00 GB, threshold=0,00 B
2017-02-03 13:34:48.745+0000 INFO  [o.n.k.i.DiagnosticsManager] Memory Pool: G1 Eden Space (Heap memory): committed=26,00 MB, used=0,00 B, max=-1,00 B, threshold=?
2017-02-03 13:34:48.745+0000 INFO  [o.n.k.i.DiagnosticsManager] Memory Pool: G1 Survivor Space (Heap memory): committed=2,00 MB, used=2,00 MB, max=-1,00 B, threshold=?
2017-02-03 13:34:48.745+0000 INFO  [o.n.k.i.DiagnosticsManager] Memory Pool: G1 Old Gen (Heap memory): committed=222,00 MB, used=66,43 MB, max=3,90 GB, threshold=0,00 B
2017-02-03 13:34:48.746+0000 INFO  [o.n.k.i.DiagnosticsManager] Operating system information:
2017-02-03 13:34:48.746+0000 INFO  [o.n.k.i.DiagnosticsManager] Operating System: Linux; version: 4.8.0-2-amd64; arch: amd64; cpus: 8
2017-02-03 13:34:48.746+0000 INFO  [o.n.k.i.DiagnosticsManager] Max number of file descriptors: 4096
2017-02-03 13:34:48.746+0000 INFO  [o.n.k.i.DiagnosticsManager] Number of open file descriptors: 93
2017-02-03 13:34:48.747+0000 INFO  [o.n.k.i.DiagnosticsManager] Process id: 10396@talamane
2017-02-03 13:34:48.747+0000 INFO  [o.n.k.i.DiagnosticsManager] Byte order: LITTLE_ENDIAN
2017-02-03 13:34:48.747+0000 INFO  [o.n.k.i.DiagnosticsManager] Local timezone: Europe/Paris
2017-02-03 13:34:48.747+0000 INFO  [o.n.k.i.DiagnosticsManager] JVM information:
2017-02-03 13:34:48.747+0000 INFO  [o.n.k.i.DiagnosticsManager] VM Name: Java HotSpot(TM) 64-Bit Server VM
2017-02-03 13:34:48.747+0000 INFO  [o.n.k.i.DiagnosticsManager] VM Vendor: Oracle Corporation
2017-02-03 13:34:48.747+0000 INFO  [o.n.k.i.DiagnosticsManager] VM Version: 25.121-b13
2017-02-03 13:34:48.747+0000 INFO  [o.n.k.i.DiagnosticsManager] JIT compiler: HotSpot 64-Bit Tiered Compilers
2017-02-03 13:34:48.747+0000 INFO  [o.n.k.i.DiagnosticsManager] VM Arguments: [-XX:+UseG1GC, -XX:-OmitStackTraceInFastThrow, -XX:+AlwaysPreTouch, -XX:+UnlockExperimentalVMOptions, -XX:+TrustFinalNonStaticFields, -XX:+DisableExplicitGC, -Djdk.tls.ephemeralDHKeySize=2048, -Dunsupported.dbms.udc.source=tarball, -Dfile.encoding=UTF-8]
2017-02-03 13:34:48.748+0000 INFO  [o.n.k.i.DiagnosticsManager] Java classpath:
2017-02-03 13:34:48.750+0000 INFO  [o.n.k.i.DiagnosticsManager]  [classpath + loader.0] file:/autofs/netapp/travail/camaussignac/panama_papers_2.0/neo4j-community-3.1.1/plugins/
2017-02-03 13:34:48.750+0000 INFO  [o.n.k.i.DiagnosticsManager]  [classpath + loader.0] file:/autofs/netapp/travail/camaussignac/panama_papers_2.0/neo4j-community-3.1.1/lib/neo4j-logging-3.1.1.jar
2017-02-03 13:34:48.750+0000 INFO  [o.n.k.i.DiagnosticsManager]  [classpath + loader.0] file:/autofs/netapp/travail/camaussignac/panama_papers_2.0/neo4j-community-3.1.1/lib/jersey-core-1.19.jar
2017-02-03 13:34:48.750+0000 INFO  [o.n.k.i.DiagnosticsManager]  [classpath + loader.0] file:/autofs/netapp/travail/camaussignac/panama_papers_2.0/neo4j-community-3.1.1/lib/jackson-jaxrs-1.9.13.jar
2017-02-03 13:34:48.750+0000 INFO  [o.n.k.i.DiagnosticsManager]  [classpath + loader.0] file:/autofs/netapp/travail/camaussignac/panama_papers_2.0/neo4j-community-3.1.1/lib/rhino-1.7R4.jar
2017-02-03 13:34:48.750+0000 INFO  [o.n.k.i.DiagnosticsManager]  [classpath + loader.0] file:/autofs/netapp/travail/camaussignac/panama_papers_2.0/neo4j-community-3.1.1/lib/neo4j-common-3.1.1.jar
2017-02-03 13:34:48.750+0000 INFO  [o.n.k.i.DiagnosticsManager]  [classpath + loader.0] file:/autofs/netapp/travail/camaussignac/panama_papers_2.0/neo4j-community-3.1.1/lib/commons-compress-1.12.jar
2017-02-03 13:34:48.750+0000 INFO  [o.n.k.i.DiagnosticsManager]  [classpath + loader.0] file:/autofs/netapp/travail/camaussignac/panama_papers_2.0/neo4j-community-3.1.1/lib/neo4j-browser-2.0.0-M10.jar
2017-02-03 13:34:48.750+0000 INFO  [o.n.k.i.DiagnosticsManager]  [classpath + loader.0] file:/autofs/netapp/travail/camaussignac/panama_papers_2.0/neo4j-community-3.1.1/lib/neo4j-jmx-3.1.1.jar
2017-02-03 13:34:48.751+0000 INFO  [o.n.k.i.DiagnosticsManager]  [classpath + loader.0] file:/autofs/netapp/travail/camaussignac/panama_papers_2.0/neo4j-community-3.1.1/lib/bcprov-jdk15on-1.53.jar
2017-02-03 13:34:48.751+0000 INFO  [o.n.k.i.DiagnosticsManager]  [classpath + loader.0] file:/autofs/netapp/travail/camaussignac/panama_papers_2.0/neo4j-community-3.1.1/lib/neo4j-cypher-frontend-2.3-2.3.8.jar
2017-02-03 13:34:48.751+0000 INFO  [o.n.k.i.DiagnosticsManager]  [classpath + loader.0] file:/autofs/netapp/travail/camaussignac/panama_papers_2.0/neo4j-community-3.1.1/lib/neo4j-cypher-compiler-3.1-3.1.1.jar
2017-02-03 13:34:48.751+0000 INFO  [o.n.k.i.DiagnosticsManager]  [classpath + loader.0] file:/autofs/netapp/travail/camaussignac/panama_papers_2.0/neo4j-community-3.1.1/lib/mimepull-1.9.3.jar
2017-02-03 13:34:48.751+0000 INFO  [o.n.k.i.DiagnosticsManager]  [classpath + loader.0] file:/autofs/netapp/travail/camaussignac/panama_papers_2.0/neo4j-community-3.1.1/lib/neo4j-cypher-frontend-3.1-3.1.1.jar
2017-02-03 13:34:48.751+0000 INFO  [o.n.k.i.DiagnosticsManager]  [classpath + loader.0] file:/autofs/netapp/travail/camaussignac/panama_papers_2.0/neo4j-community-3.1.1/lib/jetty-xml-9.2.9.v20150224.jar
2017-02-03 13:34:48.751+0000 INFO  [o.n.k.i.DiagnosticsManager]  [classpath + loader.0] file:/autofs/netapp/travail/camaussignac/panama_papers_2.0/neo4j-community-3.1.1/lib/neo4j-import-tool-3.1.1.jar
2017-02-03 13:34:48.751+0000 INFO  [o.n.k.i.DiagnosticsManager]  [classpath + loader.0] file:/autofs/netapp/travail/camaussignac/panama_papers_2.0/neo4j-community-3.1.1/lib/commons-io-2.4.jar
2017-02-03 13:34:48.751+0000 INFO  [o.n.k.i.DiagnosticsManager]  [classpath + loader.0] file:/autofs/netapp/travail/camaussignac/panama_papers_2.0/neo4j-community-3.1.1/lib/jackson-mapper-asl-1.9.13.jar
2017-02-03 13:34:48.751+0000 INFO  [o.n.k.i.DiagnosticsManager]  [loader.1] file:/usr/lib/jvm/oracle-java8-jdk-amd64/jre/lib/ext/jaccess.jar
2017-02-03 13:34:48.751+0000 INFO  [o.n.k.i.DiagnosticsManager]  [classpath + loader.0] file:/autofs/netapp/travail/camaussignac/panama_papers_2.0/neo4j-community-3.1.1/lib/neo4j-unsafe-3.1.1.jar
2017-02-03 13:34:48.751+0000 INFO  [o.n.k.i.DiagnosticsManager]  [classpath + loader.0] file:/autofs/netapp/travail/camaussignac/panama_papers_2.0/neo4j-community-3.1.1/lib/neo4j-resource-3.1.1.jar
2017-02-03 13:34:48.751+0000 INFO  [o.n.k.i.DiagnosticsManager]  [loader.1] file:/usr/lib/jvm/oracle-java8-jdk-amd64/jre/lib/ext/cldrdata.jar
2017-02-03 13:34:48.751+0000 INFO  [o.n.k.i.DiagnosticsManager]  [classpath + loader.0] file:/autofs/netapp/travail/camaussignac/panama_papers_2.0/neo4j-community-3.1.1/lib/neo4j-collections-3.1.1.jar
2017-02-03 13:34:48.751+0000 INFO  [o.n.k.i.DiagnosticsManager]  [classpath + loader.0] file:/autofs/netapp/travail/camaussignac/panama_papers_2.0/neo4j-community-3.1.1/lib/neo4j-cypher-frontend-3.0-3.0.8.jar
2017-02-03 13:34:48.751+0000 INFO  [o.n.k.i.DiagnosticsManager]  [classpath + loader.0] file:/autofs/netapp/travail/camaussignac/panama_papers_2.0/neo4j-community-3.1.1/lib/neo4j-codegen-3.1.1.jar
2017-02-03 13:34:48.751+0000 INFO  [o.n.k.i.DiagnosticsManager]  [classpath + loader.0] file:/autofs/netapp/travail/camaussignac/panama_papers_2.0/neo4j-community-3.1.1/lib/lucene-queryparser-5.5.0.jar
2017-02-03 13:34:48.752+0000 INFO  [o.n.k.i.DiagnosticsManager]  [classpath + loader.0] file:/autofs/netapp/travail/camaussignac/panama_papers_2.0/neo4j-community-3.1.1/lib/jetty-security-9.2.9.v20150224.jar
2017-02-03 13:34:48.752+0000 INFO  [o.n.k.i.DiagnosticsManager]  [classpath + loader.0] file:/autofs/netapp/travail/camaussignac/panama_papers_2.0/neo4j-community-3.1.1/lib/neo4j-server-3.1.1.jar
2017-02-03 13:34:48.752+0000 INFO  [o.n.k.i.DiagnosticsManager]  [classpath + loader.0] file:/autofs/netapp/travail/camaussignac/panama_papers_2.0/neo4j-community-3.1.1/lib/jetty-http-9.2.9.v20150224.jar
2017-02-03 13:34:48.752+0000 INFO  [o.n.k.i.DiagnosticsManager]  [classpath + loader.0] file:/autofs/netapp/travail/camaussignac/panama_papers_2.0/neo4j-community-3.1.1/lib/jetty-webapp-9.2.9.v20150224.jar
2017-02-03 13:34:48.752+0000 INFO  [o.n.k.i.DiagnosticsManager]  [classpath + loader.0] file:/autofs/netapp/travail/camaussignac/panama_papers_2.0/neo4j-community-3.1.1/lib/jackson-core-asl-1.9.13.jar
2017-02-03 13:34:48.752+0000 INFO  [o.n.k.i.DiagnosticsManager]  [classpath + loader.0] file:/autofs/netapp/travail/camaussignac/panama_papers_2.0/neo4j-community-3.1.1/lib/neo4j-cypher-compiler-2.3-2.3.8.jar
2017-02-03 13:34:48.752+0000 INFO  [o.n.k.i.DiagnosticsManager]  [classpath + loader.0] file:/autofs/netapp/travail/camaussignac/panama_papers_2.0/neo4j-community-3.1.1/lib/neo4j-command-line-3.1.1.jar
2017-02-03 13:34:48.752+0000 INFO  [o.n.k.i.DiagnosticsManager]  [classpath + loader.0] file:/autofs/netapp/travail/camaussignac/panama_papers_2.0/neo4j-community-3.1.1/lib/asm-5.0.4.jar
2017-02-03 13:34:48.752+0000 INFO  [o.n.k.i.DiagnosticsManager]  [classpath + loader.0] file:/autofs/netapp/travail/camaussignac/panama_papers_2.0/neo4j-community-3.1.1/lib/commons-lang-2.6.jar
2017-02-03 13:34:48.752+0000 INFO  [o.n.k.i.DiagnosticsManager]  [classpath + loader.0] file:/autofs/netapp/travail/camaussignac/panama_papers_2.0/neo4j-community-3.1.1/lib/jetty-io-9.2.9.v20150224.jar
2017-02-03 13:34:48.752+0000 INFO  [o.n.k.i.DiagnosticsManager]  [bootstrap] /usr/lib/jvm/oracle-java8-jdk-amd64/jre/lib/jsse.jar
2017-02-03 13:34:48.752+0000 INFO  [o.n.k.i.DiagnosticsManager]  [classpath + loader.0] file:/autofs/netapp/travail/camaussignac/panama_papers_2.0/neo4j-community-3.1.1/lib/commons-logging-1.1.1.jar
2017-02-03 13:34:48.752+0000 INFO  [o.n.k.i.DiagnosticsManager]  [classpath + loader.0] file:/autofs/netapp/travail/camaussignac/panama_papers_2.0/neo4j-community-3.1.1/lib/neo4j-bolt-3.1.1.jar
2017-02-03 13:34:48.752+0000 INFO  [o.n.k.i.DiagnosticsManager]  [loader.1] file:/usr/lib/jvm/oracle-java8-jdk-amd64/jre/lib/ext/jfxrt.jar
2017-02-03 13:34:48.752+0000 INFO  [o.n.k.i.DiagnosticsManager]  [classpath + loader.0] file:/autofs/netapp/travail/camaussignac/panama_papers_2.0/neo4j-community-3.1.1/lib/neo4j-graphdb-api-3.1.1.jar
2017-02-03 13:34:48.752+0000 INFO  [o.n.k.i.DiagnosticsManager]  [classpath + loader.0] file:/autofs/netapp/travail/camaussignac/panama_papers_2.0/neo4j-community-3.1.1/lib/jersey-server-1.19.jar
2017-02-03 13:34:48.752+0000 INFO  [o.n.k.i.DiagnosticsManager]  [classpath + loader.0] file:/autofs/netapp/travail/camaussignac/panama_papers_2.0/neo4j-community-3.1.1/lib/lucene-analyzers-common-5.5.0.jar
2017-02-03 13:34:48.752+0000 INFO  [o.n.k.i.DiagnosticsManager]  [classpath + loader.0] file:/autofs/netapp/travail/camaussignac/panama_papers_2.0/neo4j-community-3.1.1/lib/parboiled-core-1.1.7.jar
2017-02-03 13:34:48.752+0000 INFO  [o.n.k.i.DiagnosticsManager]  [classpath + loader.0] file:/autofs/netapp/travail/camaussignac/panama_papers_2.0/neo4j-community-3.1.1/lib/jsr311-api-1.1.2.r612.jar
2017-02-03 13:34:48.752+0000 INFO  [o.n.k.i.DiagnosticsManager]  [classpath + loader.0] file:/autofs/netapp/travail/camaussignac/panama_papers_2.0/neo4j-community-3.1.1/lib/neo4j-io-3.1.1.jar
2017-02-03 13:34:48.752+0000 INFO  [o.n.k.i.DiagnosticsManager]  [classpath + loader.0] file:/autofs/netapp/travail/camaussignac/panama_papers_2.0/neo4j-community-3.1.1/lib/neo4j-lucene-upgrade-3.1.1.jar
2017-02-03 13:34:48.752+0000 INFO  [o.n.k.i.DiagnosticsManager]  [classpath + loader.0] file:/autofs/netapp/travail/camaussignac/panama_papers_2.0/neo4j-community-3.1.1/lib/javax.servlet-api-3.1.0.jar
2017-02-03 13:34:48.753+0000 INFO  [o.n.k.i.DiagnosticsManager]  [classpath + loader.0] file:/autofs/netapp/travail/camaussignac/panama_papers_2.0/neo4j-community-3.1.1/lib/neo4j-cypher-compiler-3.0-3.0.8.jar
2017-02-03 13:34:48.753+0000 INFO  [o.n.k.i.DiagnosticsManager]  [classpath + loader.0] file:/autofs/netapp/travail/camaussignac/panama_papers_2.0/neo4j-community-3.1.1/lib/neo4j-shell-3.1.1.jar
2017-02-03 13:34:48.753+0000 INFO  [o.n.k.i.DiagnosticsManager]  [classpath + loader.0] file:/autofs/netapp/travail/camaussignac/panama_papers_2.0/neo4j-community-3.1.1/lib/neo4j-cypher-3.1.1.jar
2017-02-03 13:34:48.753+0000 INFO  [o.n.k.i.DiagnosticsManager]  [bootstrap] /usr/lib/jvm/oracle-java8-jdk-amd64/jre/classes
2017-02-03 13:34:48.753+0000 INFO  [o.n.k.i.DiagnosticsManager]  [classpath + loader.0] file:/autofs/netapp/travail/camaussignac/panama_papers_2.0/neo4j-community-3.1.1/conf/
2017-02-03 13:34:48.753+0000 INFO  [o.n.k.i.DiagnosticsManager]  [classpath + loader.0] file:/autofs/netapp/travail/camaussignac/panama_papers_2.0/neo4j-community-3.1.1/lib/bcpkix-jdk15on-1.53.jar
2017-02-03 13:34:48.753+0000 INFO  [o.n.k.i.DiagnosticsManager]  [classpath + loader.0] file:/autofs/netapp/travail/camaussignac/panama_papers_2.0/neo4j-community-3.1.1/lib/commons-lang3-3.3.2.jar
2017-02-03 13:34:48.753+0000 INFO  [o.n.k.i.DiagnosticsManager]  [classpath + loader.0] file:/autofs/netapp/travail/camaussignac/panama_papers_2.0/neo4j-community-3.1.1/plugins/*
2017-02-03 13:34:48.753+0000 INFO  [o.n.k.i.DiagnosticsManager]  [loader.1] file:/usr/lib/jvm/oracle-java8-jdk-amd64/jre/lib/ext/sunjce_provider.jar
2017-02-03 13:34:48.753+0000 INFO  [o.n.k.i.DiagnosticsManager]  [classpath + loader.0] file:/autofs/netapp/travail/camaussignac/panama_papers_2.0/neo4j-community-3.1.1/lib/commons-configuration-1.10.jar
2017-02-03 13:34:48.753+0000 INFO  [o.n.k.i.DiagnosticsManager]  [classpath + loader.0] file:/autofs/netapp/travail/camaussignac/panama_papers_2.0/neo4j-community-3.1.1/lib/neo4j-graph-matching-3.1.1.jar
2017-02-03 13:34:48.753+0000 INFO  [o.n.k.i.DiagnosticsManager]  [loader.1] file:/usr/lib/jvm/oracle-java8-jdk-amd64/jre/lib/ext/nashorn.jar
2017-02-03 13:34:48.753+0000 INFO  [o.n.k.i.DiagnosticsManager]  [bootstrap] /usr/lib/jvm/oracle-java8-jdk-amd64/jre/lib/rt.jar
2017-02-03 13:34:48.753+0000 INFO  [o.n.k.i.DiagnosticsManager]  [classpath + loader.0] file:/autofs/netapp/travail/camaussignac/panama_papers_2.0/neo4j-community-3.1.1/lib/jetty-server-9.2.9.v20150224.jar
2017-02-03 13:34:48.753+0000 INFO  [o.n.k.i.DiagnosticsManager]  [loader.1] file:/usr/lib/jvm/oracle-java8-jdk-amd64/jre/lib/ext/sunec.jar
2017-02-03 13:34:48.753+0000 INFO  [o.n.k.i.DiagnosticsManager]  [bootstrap] /usr/lib/jvm/oracle-java8-jdk-amd64/jre/lib/charsets.jar
2017-02-03 13:34:48.753+0000 INFO  [o.n.k.i.DiagnosticsManager]  [classpath + loader.0] file:/autofs/netapp/travail/camaussignac/panama_papers_2.0/neo4j-community-3.1.1/lib/commons-beanutils-1.8.3.jar
2017-02-03 13:34:48.753+0000 INFO  [o.n.k.i.DiagnosticsManager]  [classpath + loader.0] file:/autofs/netapp/travail/camaussignac/panama_papers_2.0/neo4j-community-3.1.1/lib/concurrentlinkedhashmap-lru-1.4.2.jar
2017-02-03 13:34:48.753+0000 INFO  [o.n.k.i.DiagnosticsManager]  [classpath + loader.0] file:/autofs/netapp/travail/camaussignac/panama_papers_2.0/neo4j-community-3.1.1/lib/opencsv-2.3.jar
2017-02-03 13:34:48.753+0000 INFO  [o.n.k.i.DiagnosticsManager]  [classpath + loader.0] file:/autofs/netapp/travail/camaussignac/panama_papers_2.0/neo4j-community-3.1.1/lib/server-api-3.1.1.jar
2017-02-03 13:34:48.754+0000 INFO  [o.n.k.i.DiagnosticsManager]  [classpath + loader.0] file:/autofs/netapp/travail/camaussignac/panama_papers_2.0/neo4j-community-3.1.1/lib/parboiled-scala_2.11-1.1.7.jar
2017-02-03 13:34:48.754+0000 INFO  [o.n.k.i.DiagnosticsManager]  [classpath + loader.0] file:/autofs/netapp/travail/camaussignac/panama_papers_2.0/neo4j-community-3.1.1/lib/caffeine-2.3.3.jar
2017-02-03 13:34:48.754+0000 INFO  [o.n.k.i.DiagnosticsManager]  [classpath + loader.0] file:/autofs/netapp/travail/camaussignac/panama_papers_2.0/neo4j-community-3.1.1/lib/neo4j-graph-algo-3.1.1.jar
2017-02-03 13:34:48.754+0000 INFO  [o.n.k.i.DiagnosticsManager]  [loader.1] file:/usr/lib/jvm/oracle-java8-jdk-amd64/jre/lib/ext/zipfs.jar
2017-02-03 13:34:48.754+0000 INFO  [o.n.k.i.DiagnosticsManager]  [classpath + loader.0] file:/autofs/netapp/travail/camaussignac/panama_papers_2.0/neo4j-community-3.1.1/lib/neo4j-consistency-check-3.1.1.jar
2017-02-03 13:34:48.754+0000 INFO  [o.n.k.i.DiagnosticsManager]  [classpath + loader.0] file:/autofs/netapp/travail/camaussignac/panama_papers_2.0/neo4j-community-3.1.1/lib/jetty-servlet-9.2.9.v20150224.jar
2017-02-03 13:34:48.754+0000 INFO  [o.n.k.i.DiagnosticsManager]  [bootstrap] /usr/lib/jvm/oracle-java8-jdk-amd64/jre/lib/jce.jar
2017-02-03 13:34:48.754+0000 INFO  [o.n.k.i.DiagnosticsManager]  [classpath + loader.0] file:/autofs/netapp/travail/camaussignac/panama_papers_2.0/neo4j-community-3.1.1/lib/neo4j-primitive-collections-3.1.1.jar
2017-02-03 13:34:48.754+0000 INFO  [o.n.k.i.DiagnosticsManager]  [classpath + loader.0] file:/autofs/netapp/travail/camaussignac/panama_papers_2.0/neo4j-community-3.1.1/lib/neo4j-security-3.1.1.jar
2017-02-03 13:34:48.754+0000 INFO  [o.n.k.i.DiagnosticsManager]  [classpath + loader.0] file:/autofs/netapp/travail/camaussignac/panama_papers_2.0/neo4j-community-3.1.1/lib/jetty-util-9.2.9.v20150224.jar
2017-02-03 13:34:48.754+0000 INFO  [o.n.k.i.DiagnosticsManager]  [classpath + loader.0] file:/autofs/netapp/travail/camaussignac/panama_papers_2.0/neo4j-community-3.1.1/lib/jersey-multipart-1.19.jar
2017-02-03 13:34:48.754+0000 INFO  [o.n.k.i.DiagnosticsManager]  [classpath + loader.0] file:/autofs/netapp/travail/camaussignac/panama_papers_2.0/neo4j-community-3.1.1/lib/jline-2.12.jar
2017-02-03 13:34:48.754+0000 INFO  [o.n.k.i.DiagnosticsManager]  [classpath + loader.0] file:/autofs/netapp/travail/camaussignac/panama_papers_2.0/neo4j-community-3.1.1/lib/neo4j-dbms-3.1.1.jar
2017-02-03 13:34:48.754+0000 INFO  [o.n.k.i.DiagnosticsManager]  [classpath + loader.0] file:/autofs/netapp/travail/camaussignac/panama_papers_2.0/neo4j-community-3.1.1/lib/neo4j-lucene-index-3.1.1.jar
2017-02-03 13:34:48.754+0000 INFO  [o.n.k.i.DiagnosticsManager]  [classpath + loader.0] file:/autofs/netapp/travail/camaussignac/panama_papers_2.0/neo4j-community-3.1.1/lib/neo4j-csv-3.1.1.jar
2017-02-03 13:34:48.754+0000 INFO  [o.n.k.i.DiagnosticsManager]  [classpath + loader.0] file:/autofs/netapp/travail/camaussignac/panama_papers_2.0/neo4j-community-3.1.1/lib/neo4j-udc-3.1.1.jar
2017-02-03 13:34:48.754+0000 INFO  [o.n.k.i.DiagnosticsManager]  [loader.1] file:/usr/lib/jvm/oracle-java8-jdk-amd64/jre/lib/ext/dnsns.jar
2017-02-03 13:34:48.754+0000 INFO  [o.n.k.i.DiagnosticsManager]  [classpath + loader.0] file:/autofs/netapp/travail/camaussignac/panama_papers_2.0/neo4j-community-3.1.1/lib/scala-reflect-2.11.8.jar
2017-02-03 13:34:48.754+0000 INFO  [o.n.k.i.DiagnosticsManager]  [loader.1] file:/usr/lib/jvm/oracle-java8-jdk-amd64/jre/lib/ext/sunpkcs11.jar
2017-02-03 13:34:48.754+0000 INFO  [o.n.k.i.DiagnosticsManager]  [bootstrap] /usr/lib/jvm/oracle-java8-jdk-amd64/jre/lib/sunrsasign.jar
2017-02-03 13:34:48.754+0000 INFO  [o.n.k.i.DiagnosticsManager]  [bootstrap] /usr/lib/jvm/oracle-java8-jdk-amd64/jre/lib/resources.jar
2017-02-03 13:34:48.755+0000 INFO  [o.n.k.i.DiagnosticsManager]  [classpath + loader.0] file:/autofs/netapp/travail/camaussignac/panama_papers_2.0/neo4j-community-3.1.1/lib/scala-library-2.11.8.jar
2017-02-03 13:34:48.755+0000 INFO  [o.n.k.i.DiagnosticsManager]  [classpath + loader.0] file:/autofs/netapp/travail/camaussignac/panama_papers_2.0/neo4j-community-3.1.1/lib/lucene-core-5.5.0.jar
2017-02-03 13:34:48.755+0000 INFO  [o.n.k.i.DiagnosticsManager]  [classpath + loader.0] file:/autofs/netapp/travail/camaussignac/panama_papers_2.0/neo4j-community-3.1.1/lib/lucene-codecs-5.5.0.jar
2017-02-03 13:34:48.755+0000 INFO  [o.n.k.i.DiagnosticsManager]  [loader.1] file:/usr/lib/jvm/oracle-java8-jdk-amd64/jre/lib/ext/localedata.jar
2017-02-03 13:34:48.755+0000 INFO  [o.n.k.i.DiagnosticsManager]  [classpath + loader.0] file:/autofs/netapp/travail/camaussignac/panama_papers_2.0/neo4j-community-3.1.1/lib/commons-digester-2.1.jar
2017-02-03 13:34:48.755+0000 INFO  [o.n.k.i.DiagnosticsManager]  [bootstrap] /usr/lib/jvm/oracle-java8-jdk-amd64/jre/lib/jfr.jar
2017-02-03 13:34:48.755+0000 INFO  [o.n.k.i.DiagnosticsManager]  [classpath + loader.0] file:/autofs/netapp/travail/camaussignac/panama_papers_2.0/neo4j-community-3.1.1/lib/netty-all-4.1.6.Final.jar
2017-02-03 13:34:48.755+0000 INFO  [o.n.k.i.DiagnosticsManager]  [classpath + loader.0] file:/autofs/netapp/travail/camaussignac/panama_papers_2.0/neo4j-community-3.1.1/lib/neo4j-kernel-3.1.1.jar
2017-02-03 13:34:48.755+0000 INFO  [o.n.k.i.DiagnosticsManager]  [classpath + loader.0] file:/autofs/netapp/travail/camaussignac/panama_papers_2.0/neo4j-community-3.1.1/lib/jersey-servlet-1.19.jar
2017-02-03 13:34:48.755+0000 INFO  [o.n.k.i.DiagnosticsManager] Library path:
2017-02-03 13:34:48.755+0000 INFO  [o.n.k.i.DiagnosticsManager] /usr/java/packages/lib/amd64
2017-02-03 13:34:48.755+0000 INFO  [o.n.k.i.DiagnosticsManager] /usr/lib64
2017-02-03 13:34:48.755+0000 INFO  [o.n.k.i.DiagnosticsManager] /lib64
2017-02-03 13:34:48.755+0000 INFO  [o.n.k.i.DiagnosticsManager] /lib
2017-02-03 13:34:48.755+0000 INFO  [o.n.k.i.DiagnosticsManager] /usr/lib
2017-02-03 13:34:48.755+0000 INFO  [o.n.k.i.DiagnosticsManager] System.properties:
2017-02-03 13:34:48.756+0000 INFO  [o.n.k.i.DiagnosticsManager] sun.boot.library.path = /usr/lib/jvm/oracle-java8-jdk-amd64/jre/lib/amd64
2017-02-03 13:34:48.756+0000 INFO  [o.n.k.i.DiagnosticsManager] path.separator = :
2017-02-03 13:34:48.756+0000 INFO  [o.n.k.i.DiagnosticsManager] file.encoding.pkg = sun.io
2017-02-03 13:34:48.756+0000 INFO  [o.n.k.i.DiagnosticsManager] user.country = FR
2017-02-03 13:34:48.756+0000 INFO  [o.n.k.i.DiagnosticsManager] sun.java.launcher = SUN_STANDARD
2017-02-03 13:34:48.756+0000 INFO  [o.n.k.i.DiagnosticsManager] sun.os.patch.level = unknown
2017-02-03 13:34:48.756+0000 INFO  [o.n.k.i.DiagnosticsManager] user.dir = /autofs/netapp/travail/camaussignac/panama_papers_2.0/neo4j-community-3.1.1/bin
2017-02-03 13:34:48.756+0000 INFO  [o.n.k.i.DiagnosticsManager] sun.jnu.encoding = UTF-8
2017-02-03 13:34:48.756+0000 INFO  [o.n.k.i.DiagnosticsManager] unsupported.dbms.udc.source = tarball
2017-02-03 13:34:48.756+0000 INFO  [o.n.k.i.DiagnosticsManager] sun.management.compiler = HotSpot 64-Bit Tiered Compilers
2017-02-03 13:34:48.756+0000 INFO  [o.n.k.i.DiagnosticsManager] user.home = /net/cremi/camaussignac
2017-02-03 13:34:48.756+0000 INFO  [o.n.k.i.DiagnosticsManager] user.timezone = Europe/Paris
2017-02-03 13:34:48.756+0000 INFO  [o.n.k.i.DiagnosticsManager] file.encoding = UTF-8
2017-02-03 13:34:48.756+0000 INFO  [o.n.k.i.DiagnosticsManager] user.name = camaussignac
2017-02-03 13:34:48.756+0000 INFO  [o.n.k.i.DiagnosticsManager] sun.java.command = org.neo4j.server.CommunityEntryPoint --home-dir=/net/cremi/camaussignac/espaces/travail/panama_papers_2.0/neo4j-community-3.1.1 --config-dir=/net/cremi/camaussignac/espaces/travail/panama_papers_2.0/neo4j-community-3.1.1/conf
2017-02-03 13:34:48.756+0000 INFO  [o.n.k.i.DiagnosticsManager] sun.arch.data.model = 64
2017-02-03 13:34:48.756+0000 INFO  [o.n.k.i.DiagnosticsManager] user.language = fr
2017-02-03 13:34:48.756+0000 INFO  [o.n.k.i.DiagnosticsManager] awt.toolkit = sun.awt.X11.XToolkit
2017-02-03 13:34:48.756+0000 INFO  [o.n.k.i.DiagnosticsManager] jdk.tls.ephemeralDHKeySize = 2048
2017-02-03 13:34:48.757+0000 INFO  [o.n.k.i.DiagnosticsManager] file.separator = /
2017-02-03 13:34:48.757+0000 INFO  [o.n.k.i.DiagnosticsManager] sun.io.unicode.encoding = UnicodeLittle
2017-02-03 13:34:48.757+0000 INFO  [o.n.k.i.DiagnosticsManager] sun.cpu.endian = little
2017-02-03 13:34:48.757+0000 INFO  [o.n.k.i.DiagnosticsManager] sun.cpu.isalist = 
2017-02-03 13:34:48.757+0000 INFO  [o.n.k.i.DiagnosticsManager] Linux scheduler information:
2017-02-03 13:34:48.771+0000 INFO  [o.n.k.i.DiagnosticsManager] noop deadline [cfq] 
2017-02-03 13:34:48.772+0000 INFO  [o.n.k.i.DiagnosticsManager] noop deadline [cfq] 
2017-02-03 13:34:48.772+0000 INFO  [o.n.k.i.DiagnosticsManager] noop deadline [cfq] 
2017-02-03 13:34:48.772+0000 INFO  [o.n.k.i.DiagnosticsManager] noop deadline [cfq] 
2017-02-03 13:34:48.772+0000 INFO  [o.n.k.i.DiagnosticsManager] noop deadline [cfq] 
2017-02-03 13:34:48.772+0000 INFO  [o.n.k.i.DiagnosticsManager] noop deadline [cfq] 
2017-02-03 13:34:48.772+0000 INFO  [o.n.k.i.DiagnosticsManager] Network information:
2017-02-03 13:34:48.773+0000 INFO  [o.n.k.i.DiagnosticsManager] Interface br0:
2017-02-03 13:34:48.773+0000 INFO  [o.n.k.i.DiagnosticsManager]     address: fe80:0:0:0:900a:2dff:fe0a:1b6d%br0
2017-02-03 13:34:48.774+0000 INFO  [o.n.k.i.DiagnosticsManager] Interface eth0:
2017-02-03 13:34:48.774+0000 INFO  [o.n.k.i.DiagnosticsManager]     address: 2001:660:6101:800:105:0:0:18%eth0
2017-02-03 13:34:48.774+0000 INFO  [o.n.k.i.DiagnosticsManager]     address: fe80:0:0:0:1a66:daff:fe43:9ea0%eth0
2017-02-03 13:34:48.774+0000 INFO  [o.n.k.i.DiagnosticsManager]     address: 10.0.105.18
2017-02-03 13:34:48.774+0000 INFO  [o.n.k.i.DiagnosticsManager] Interface lo:
2017-02-03 13:34:48.774+0000 INFO  [o.n.k.i.DiagnosticsManager]     address: 0:0:0:0:0:0:0:1%lo
2017-02-03 13:34:48.774+0000 INFO  [o.n.k.i.DiagnosticsManager]     address: 127.0.0.1
2017-02-03 13:34:48.774+0000 INFO  [o.n.k.i.DiagnosticsManager] --- INITIALIZED diagnostics END ---
2017-02-03 13:34:48.955+0000 INFO  [o.n.b.v.r.WorkerFactory] Bolt Server extension loaded.
2017-02-03 13:34:48.956+0000 INFO  [o.n.b.v.r.WorkerFactory] Bolt enabled on localhost:7687.
2017-02-03 13:34:49.058+0000 INFO  [o.n.k.i.s.f.RecordFormatSelector] Selected format 'RecordFormat:StandardV3_0[v0.A.7]' for the new store
2017-02-03 13:34:49.370+0000 INFO  [o.n.k.a.i.l.LuceneLabelScanStore] No lucene scan store index found, this might just be first use. Preparing to rebuild.
2017-02-03 13:34:49.473+0000 INFO  [o.n.k.NeoStoreDataSource] Opened logical log [/net/cremi/camaussignac/espaces/travail/panama_papers_2.0/neo4j-community-3.1.1/data/databases/graph.db/neostore.transaction.db.0] version=0, lastTxId=1 (clean)
2017-02-03 13:34:49.478+0000 WARN  [o.n.k.i.s.MetaDataStore] Missing counts store, rebuilding it.
2017-02-03 13:34:49.539+0000 INFO  [o.n.k.a.i.l.LuceneLabelScanStore] Rebuilding lucene scan store, this may take a while
2017-02-03 13:34:49.546+0000 INFO  [o.n.k.a.i.l.LuceneLabelScanStore] Lucene scan store rebuilt (roughly 0 nodes)
2017-02-03 13:34:49.548+0000 INFO  [o.n.k.i.DatabaseHealth] Database health set to OK
2017-02-03 13:34:49.866+0000 INFO  [o.n.k.AvailabilityGuard] Fulfilling of requirement makes database available: Database available
2017-02-03 13:34:49.866+0000 INFO  [o.n.k.i.f.GraphDatabaseFacadeFactory] Database is now ready
2017-02-03 13:34:49.867+0000 INFO  [o.n.k.i.DiagnosticsManager] --- STARTED diagnostics for KernelDiagnostics:Versions START ---
2017-02-03 13:34:49.868+0000 INFO  [o.n.k.i.DiagnosticsManager] Graph Database: community single StoreId{creationTime=1486128889299, randomId=4100457142775172567, storeVersion=15531981201765894, upgradeTime=1486128889299, upgradeId=1}
2017-02-03 13:34:49.868+0000 INFO  [o.n.k.i.DiagnosticsManager] Kernel version: 3.1.1,89b7bf20d72f757945f8c32988e4e4c1c83ce013
2017-02-03 13:34:49.869+0000 INFO  [o.n.k.i.DiagnosticsManager] --- STARTED diagnostics for KernelDiagnostics:Versions END ---
2017-02-03 13:34:49.870+0000 INFO  [o.n.k.i.DiagnosticsManager] --- STARTED diagnostics for NEO_STORE_VERSIONS START ---
2017-02-03 13:34:49.871+0000 INFO  [o.n.k.i.DiagnosticsManager] Store versions:
2017-02-03 13:34:49.871+0000 INFO  [o.n.k.i.DiagnosticsManager] Store versions:
2017-02-03 13:34:49.872+0000 INFO  [o.n.k.i.DiagnosticsManager]   ArrayPropertyStore v0.A.7
2017-02-03 13:34:49.872+0000 INFO  [o.n.k.i.DiagnosticsManager]   NodeStore v0.A.7
2017-02-03 13:34:49.872+0000 INFO  [o.n.k.i.DiagnosticsManager]   StringPropertyStore v0.A.7
2017-02-03 13:34:49.873+0000 INFO  [o.n.k.i.DiagnosticsManager]   PropertyIndexStore v0.A.7
2017-02-03 13:34:49.873+0000 INFO  [o.n.k.i.DiagnosticsManager]   StringPropertyStore v0.A.7
2017-02-03 13:34:49.874+0000 INFO  [o.n.k.i.DiagnosticsManager]   ArrayPropertyStore v0.A.7
2017-02-03 13:34:49.874+0000 INFO  [o.n.k.i.DiagnosticsManager]   PropertyStore v0.A.7
2017-02-03 13:34:49.874+0000 INFO  [o.n.k.i.DiagnosticsManager]   RelationshipStore v0.A.7
2017-02-03 13:34:49.875+0000 INFO  [o.n.k.i.DiagnosticsManager]   StringPropertyStore v0.A.7
2017-02-03 13:34:49.875+0000 INFO  [o.n.k.i.DiagnosticsManager]   RelationshipTypeStore v0.A.7
2017-02-03 13:34:49.875+0000 INFO  [o.n.k.i.DiagnosticsManager]   StringPropertyStore v0.A.7
2017-02-03 13:34:49.876+0000 INFO  [o.n.k.i.DiagnosticsManager]   LabelTokenStore v0.A.7
2017-02-03 13:34:49.876+0000 INFO  [o.n.k.i.DiagnosticsManager]   SchemaStore v0.A.7
2017-02-03 13:34:49.876+0000 INFO  [o.n.k.i.DiagnosticsManager]   RelationshipGroupStore v0.A.7
2017-02-03 13:34:49.877+0000 INFO  [o.n.k.i.DiagnosticsManager]   NeoStore v0.A.7
2017-02-03 13:34:49.877+0000 INFO  [o.n.k.i.DiagnosticsManager] --- STARTED diagnostics for NEO_STORE_VERSIONS END ---
2017-02-03 13:34:49.877+0000 INFO  [o.n.k.i.DiagnosticsManager] --- STARTED diagnostics for NEO_STORE_ID_USAGE START ---
2017-02-03 13:34:49.877+0000 INFO  [o.n.k.i.DiagnosticsManager] Id usage:
2017-02-03 13:34:49.878+0000 INFO  [o.n.k.i.DiagnosticsManager] Id usage:
2017-02-03 13:34:49.878+0000 INFO  [o.n.k.i.DiagnosticsManager]   ArrayPropertyStore: used=1 high=0
2017-02-03 13:34:49.878+0000 INFO  [o.n.k.i.DiagnosticsManager]   NodeStore: used=0 high=-1
2017-02-03 13:34:49.879+0000 INFO  [o.n.k.i.DiagnosticsManager]   StringPropertyStore: used=1 high=0
2017-02-03 13:34:49.879+0000 INFO  [o.n.k.i.DiagnosticsManager]   PropertyIndexStore: used=0 high=-1
2017-02-03 13:34:49.880+0000 INFO  [o.n.k.i.DiagnosticsManager]   StringPropertyStore: used=1 high=0
2017-02-03 13:34:49.880+0000 INFO  [o.n.k.i.DiagnosticsManager]   ArrayPropertyStore: used=1 high=0
2017-02-03 13:34:49.880+0000 INFO  [o.n.k.i.DiagnosticsManager]   PropertyStore: used=0 high=-1
2017-02-03 13:34:49.881+0000 INFO  [o.n.k.i.DiagnosticsManager]   RelationshipStore: used=0 high=-1
2017-02-03 13:34:49.881+0000 INFO  [o.n.k.i.DiagnosticsManager]   StringPropertyStore: used=1 high=0
2017-02-03 13:34:49.881+0000 INFO  [o.n.k.i.DiagnosticsManager]   RelationshipTypeStore: used=0 high=-1
2017-02-03 13:34:49.882+0000 INFO  [o.n.k.i.DiagnosticsManager]   StringPropertyStore: used=1 high=0
2017-02-03 13:34:49.882+0000 INFO  [o.n.k.i.DiagnosticsManager]   LabelTokenStore: used=0 high=-1
2017-02-03 13:34:49.882+0000 INFO  [o.n.k.i.DiagnosticsManager]   SchemaStore: used=1 high=0
2017-02-03 13:34:49.883+0000 INFO  [o.n.k.i.DiagnosticsManager]   RelationshipGroupStore: used=1 high=0
2017-02-03 13:34:49.883+0000 INFO  [o.n.k.i.DiagnosticsManager]   NeoStore: used=15 high=14
2017-02-03 13:34:49.884+0000 INFO  [o.n.k.i.DiagnosticsManager] --- STARTED diagnostics for NEO_STORE_ID_USAGE END ---
2017-02-03 13:34:49.884+0000 INFO  [o.n.k.i.DiagnosticsManager] --- STARTED diagnostics for NEO_STORE_RECORDS START ---
2017-02-03 13:34:49.884+0000 INFO  [o.n.k.i.DiagnosticsManager] Neostore records:
2017-02-03 13:34:49.885+0000 INFO  [o.n.k.i.DiagnosticsManager] TIME (Creation time): 1486128889299
2017-02-03 13:34:49.886+0000 INFO  [o.n.k.i.DiagnosticsManager] RANDOM_NUMBER (Random number for store id): 4100457142775172567
2017-02-03 13:34:49.886+0000 INFO  [o.n.k.i.DiagnosticsManager] LOG_VERSION (Current log version): 0
2017-02-03 13:34:49.886+0000 INFO  [o.n.k.i.DiagnosticsManager] LAST_TRANSACTION_ID (Last committed transaction): 1
2017-02-03 13:34:49.887+0000 INFO  [o.n.k.i.DiagnosticsManager] STORE_VERSION (Store format version): 15531981201765894
2017-02-03 13:34:49.887+0000 INFO  [o.n.k.i.DiagnosticsManager] FIRST_GRAPH_PROPERTY (First property record containing graph properties): -1
2017-02-03 13:34:49.887+0000 INFO  [o.n.k.i.DiagnosticsManager] LAST_CONSTRAINT_TRANSACTION (Last committed transaction containing constraint changes): 0
2017-02-03 13:34:49.888+0000 INFO  [o.n.k.i.DiagnosticsManager] UPGRADE_TRANSACTION_ID (Transaction id most recent upgrade was performed at): 1
2017-02-03 13:34:49.888+0000 INFO  [o.n.k.i.DiagnosticsManager] UPGRADE_TIME (Time of last upgrade): 1486128889299
2017-02-03 13:34:49.889+0000 INFO  [o.n.k.i.DiagnosticsManager] LAST_TRANSACTION_CHECKSUM (Checksum of last committed transaction): 0
2017-02-03 13:34:49.889+0000 INFO  [o.n.k.i.DiagnosticsManager] UPGRADE_TRANSACTION_CHECKSUM (Checksum of transaction id the most recent upgrade was performed at): 0
2017-02-03 13:34:49.889+0000 INFO  [o.n.k.i.DiagnosticsManager] LAST_CLOSED_TRANSACTION_LOG_VERSION (Log version where the last transaction commit entry has been written into): 0
2017-02-03 13:34:49.890+0000 INFO  [o.n.k.i.DiagnosticsManager] LAST_CLOSED_TRANSACTION_LOG_BYTE_OFFSET (Byte offset in the log file where the last transaction commit entry has been written into): 16
2017-02-03 13:34:49.890+0000 INFO  [o.n.k.i.DiagnosticsManager] LAST_TRANSACTION_COMMIT_TIMESTAMP (Commit time timestamp for last committed transaction): 0
2017-02-03 13:34:49.890+0000 INFO  [o.n.k.i.DiagnosticsManager] UPGRADE_TRANSACTION_COMMIT_TIMESTAMP (Commit timestamp of transaction the most recent upgrade was performed at): 0
2017-02-03 13:34:49.891+0000 INFO  [o.n.k.i.DiagnosticsManager] --- STARTED diagnostics for NEO_STORE_RECORDS END ---
2017-02-03 13:34:49.892+0000 INFO  [o.n.k.i.DiagnosticsManager] --- STARTED diagnostics for TRANSACTION_RANGE START ---
2017-02-03 13:34:49.892+0000 INFO  [o.n.k.i.DiagnosticsManager] Transaction log:
2017-02-03 13:34:49.894+0000 INFO  [o.n.k.i.DiagnosticsManager] No transactions found in any log
2017-02-03 13:34:49.894+0000 INFO  [o.n.k.i.DiagnosticsManager] --- STARTED diagnostics for TRANSACTION_RANGE END ---
2017-02-03 13:34:49.895+0000 INFO  [o.n.k.i.DiagnosticsManager] --- STARTED diagnostics for KernelDiagnostics:StoreFiles START ---
2017-02-03 13:34:49.896+0000 INFO  [o.n.k.i.DiagnosticsManager] Disk space on partition (Total / Free / Free %): 3001666764800 / 1067528421376 / 35
Storage files: (filename : modification date - size)
2017-02-03 13:34:49.896+0000 INFO  [o.n.k.i.DiagnosticsManager]   index:
2017-02-03 13:34:49.897+0000 INFO  [o.n.k.i.DiagnosticsManager]   - Total: 2017-02-03T14:34:49+0100 - 0,00 B
2017-02-03 13:34:49.897+0000 INFO  [o.n.k.i.DiagnosticsManager]   neostore: 2017-02-03T14:34:49+0100 - 8,00 kB
2017-02-03 13:34:49.898+0000 INFO  [o.n.k.i.DiagnosticsManager]   neostore.counts.db.a: 2017-02-03T14:34:49+0100 - 96,00 B
2017-02-03 13:34:49.898+0000 INFO  [o.n.k.i.DiagnosticsManager]   neostore.id: 2017-02-03T14:34:49+0100 - 9,00 B
2017-02-03 13:34:49.899+0000 INFO  [o.n.k.i.DiagnosticsManager]   neostore.labeltokenstore.db: 2017-02-03T14:34:49+0100 - 0,00 B
2017-02-03 13:34:49.899+0000 INFO  [o.n.k.i.DiagnosticsManager]   neostore.labeltokenstore.db.id: 2017-02-03T14:34:49+0100 - 9,00 B
2017-02-03 13:34:49.900+0000 INFO  [o.n.k.i.DiagnosticsManager]   neostore.labeltokenstore.db.names: 2017-02-03T14:34:49+0100 - 8,00 kB
2017-02-03 13:34:49.900+0000 INFO  [o.n.k.i.DiagnosticsManager]   neostore.labeltokenstore.db.names.id: 2017-02-03T14:34:49+0100 - 9,00 B
2017-02-03 13:34:49.900+0000 INFO  [o.n.k.i.DiagnosticsManager]   neostore.nodestore.db: 2017-02-03T14:34:49+0100 - 0,00 B
2017-02-03 13:34:49.901+0000 INFO  [o.n.k.i.DiagnosticsManager]   neostore.nodestore.db.id: 2017-02-03T14:34:49+0100 - 9,00 B
2017-02-03 13:34:49.901+0000 INFO  [o.n.k.i.DiagnosticsManager]   neostore.nodestore.db.labels: 2017-02-03T14:34:49+0100 - 8,00 kB
2017-02-03 13:34:49.902+0000 INFO  [o.n.k.i.DiagnosticsManager]   neostore.nodestore.db.labels.id: 2017-02-03T14:34:49+0100 - 9,00 B
2017-02-03 13:34:49.902+0000 INFO  [o.n.k.i.DiagnosticsManager]   neostore.propertystore.db: 2017-02-03T14:34:49+0100 - 0,00 B
2017-02-03 13:34:49.902+0000 INFO  [o.n.k.i.DiagnosticsManager]   neostore.propertystore.db.arrays: 2017-02-03T14:34:49+0100 - 8,00 kB
2017-02-03 13:34:49.903+0000 INFO  [o.n.k.i.DiagnosticsManager]   neostore.propertystore.db.arrays.id: 2017-02-03T14:34:49+0100 - 9,00 B
2017-02-03 13:34:49.903+0000 INFO  [o.n.k.i.DiagnosticsManager]   neostore.propertystore.db.id: 2017-02-03T14:34:49+0100 - 9,00 B
2017-02-03 13:34:49.904+0000 INFO  [o.n.k.i.DiagnosticsManager]   neostore.propertystore.db.index: 2017-02-03T14:34:49+0100 - 0,00 B
2017-02-03 13:34:49.904+0000 INFO  [o.n.k.i.DiagnosticsManager]   neostore.propertystore.db.index.id: 2017-02-03T14:34:49+0100 - 9,00 B
2017-02-03 13:34:49.905+0000 INFO  [o.n.k.i.DiagnosticsManager]   neostore.propertystore.db.index.keys: 2017-02-03T14:34:49+0100 - 8,00 kB
2017-02-03 13:34:49.905+0000 INFO  [o.n.k.i.DiagnosticsManager]   neostore.propertystore.db.index.keys.id: 2017-02-03T14:34:49+0100 - 9,00 B
2017-02-03 13:34:49.906+0000 INFO  [o.n.k.i.DiagnosticsManager]   neostore.propertystore.db.strings: 2017-02-03T14:34:49+0100 - 8,00 kB
2017-02-03 13:34:49.906+0000 INFO  [o.n.k.i.DiagnosticsManager]   neostore.propertystore.db.strings.id: 2017-02-03T14:34:49+0100 - 9,00 B
2017-02-03 13:34:49.906+0000 INFO  [o.n.k.i.DiagnosticsManager]   neostore.relationshipgroupstore.db: 2017-02-03T14:34:49+0100 - 8,00 kB
2017-02-03 13:34:49.907+0000 INFO  [o.n.k.i.DiagnosticsManager]   neostore.relationshipgroupstore.db.id: 2017-02-03T14:34:49+0100 - 9,00 B
2017-02-03 13:34:49.907+0000 INFO  [o.n.k.i.DiagnosticsManager]   neostore.relationshipstore.db: 2017-02-03T14:34:49+0100 - 0,00 B
2017-02-03 13:34:49.908+0000 INFO  [o.n.k.i.DiagnosticsManager]   neostore.relationshipstore.db.id: 2017-02-03T14:34:49+0100 - 9,00 B
2017-02-03 13:34:49.908+0000 INFO  [o.n.k.i.DiagnosticsManager]   neostore.relationshiptypestore.db: 2017-02-03T14:34:49+0100 - 0,00 B
2017-02-03 13:34:49.908+0000 INFO  [o.n.k.i.DiagnosticsManager]   neostore.relationshiptypestore.db.id: 2017-02-03T14:34:49+0100 - 9,00 B
2017-02-03 13:34:49.909+0000 INFO  [o.n.k.i.DiagnosticsManager]   neostore.relationshiptypestore.db.names: 2017-02-03T14:34:49+0100 - 8,00 kB
2017-02-03 13:34:49.909+0000 INFO  [o.n.k.i.DiagnosticsManager]   neostore.relationshiptypestore.db.names.id: 2017-02-03T14:34:49+0100 - 9,00 B
2017-02-03 13:34:49.909+0000 INFO  [o.n.k.i.DiagnosticsManager]   neostore.schemastore.db: 2017-02-03T14:34:49+0100 - 8,00 kB
2017-02-03 13:34:49.910+0000 INFO  [o.n.k.i.DiagnosticsManager]   neostore.schemastore.db.id: 2017-02-03T14:34:49+0100 - 9,00 B
2017-02-03 13:34:49.910+0000 INFO  [o.n.k.i.DiagnosticsManager]   neostore.transaction.db.0: 2017-02-03T14:34:49+0100 - 16,00 B
2017-02-03 13:34:49.910+0000 INFO  [o.n.k.i.DiagnosticsManager]   schema:
2017-02-03 13:34:49.911+0000 INFO  [o.n.k.i.DiagnosticsManager]     label:
2017-02-03 13:34:49.912+0000 INFO  [o.n.k.i.DiagnosticsManager]       lucene:
2017-02-03 13:34:49.913+0000 INFO  [o.n.k.i.DiagnosticsManager]         labelStore:
2017-02-03 13:34:49.913+0000 INFO  [o.n.k.i.DiagnosticsManager]           1:
2017-02-03 13:34:49.914+0000 INFO  [o.n.k.i.DiagnosticsManager]             write.lock: 2017-02-03T14:34:49+0100 - 0,00 B
2017-02-03 13:34:49.914+0000 INFO  [o.n.k.i.DiagnosticsManager]           - Total: 2017-02-03T14:34:49+0100 - 0,00 B
2017-02-03 13:34:49.915+0000 INFO  [o.n.k.i.DiagnosticsManager]           failure-message: 2017-02-03T14:34:49+0100 - 16,00 kB
2017-02-03 13:34:49.915+0000 INFO  [o.n.k.i.DiagnosticsManager]         - Total: 2017-02-03T14:34:49+0100 - 16,00 kB
2017-02-03 13:34:49.915+0000 INFO  [o.n.k.i.DiagnosticsManager]       - Total: 2017-02-03T14:34:49+0100 - 16,00 kB
2017-02-03 13:34:49.916+0000 INFO  [o.n.k.i.DiagnosticsManager]     - Total: 2017-02-03T14:34:49+0100 - 16,00 kB
2017-02-03 13:34:49.916+0000 INFO  [o.n.k.i.DiagnosticsManager]   - Total: 2017-02-03T14:34:49+0100 - 16,00 kB
2017-02-03 13:34:49.917+0000 INFO  [o.n.k.i.DiagnosticsManager]   store_lock: 2017-02-03T14:34:49+0100 - 0,00 B
2017-02-03 13:34:49.917+0000 INFO  [o.n.k.i.DiagnosticsManager] --- STARTED diagnostics for KernelDiagnostics:StoreFiles END ---
2017-02-03 13:34:50.744+0000 INFO  [o.n.k.i.DiagnosticsManager] --- SERVER STARTED START ---
2017-02-03 13:34:51.406+0000 INFO  [o.n.k.i.DiagnosticsManager] --- SERVER STARTED END ---
